State 91 conflicts: 1 shift/reduce
State 121 conflicts: 2 reduce/reduce
State 189 conflicts: 2 reduce/reduce


Grammar

    0 $accept: desc_algoritmo $end

    1 desc_algoritmo: COMIENZO_ALGORITMO IDENTIFICADOR DELIMITADOR cabecera_alg bloque_alg FIN_ALGORITMO

    2 cabecera_alg: decl_globales decl_a_f decl_ent_sal PRECONDICION

    3 bloque_alg: bloque POSTCONDICION

    4 decl_globales: declaracion_tipo decl_globales
    5              | declaracion_const decl_globales
    6              | ε

    7 decl_a_f: accion_d decl_a_f
    8         | funcion_d decl_a_f
    9         | ε

   10 bloque: declaraciones instrucciones

   11 declaraciones: declaracion_tipo declaraciones
   12              | declaracion_const declaraciones
   13              | declaracion_var declaraciones
   14              | ε

   15 declaracion_tipo: COMIENZO_TIPO lista_d_tipo FIN_TIPO DELIMITADOR

   16 declaracion_const: COMIENZO_CONSTANTES lista_d_cte FIN_CONSTANTES DELIMITADOR

   17 declaracion_var: COMIENZO_VAR lista_d_var FIN_VAR DELIMITADOR

   18 lista_d_tipo: IDENTIFICADOR IGUAL d_tipo SEPARADOR lista_d_tipo
   19             | ε

   20 d_tipo: COMIENZO_TUPLA lista_campos FIN_TUPLA
   21       | COMIENZO_TABLA COMIENZO_INDICE expresion_t RANGO expresion_t FIN_INDICE DECLARADOR_TIPO_TABLA d_tipo
   22       | IDENTIFICADOR
   23       | expresion_t RANGO expresion_t
   24       | REFERENCIA d_tipo
   25       | TIPO

   26 expresion_t: expresion
   27            | LITERAL_CARACTER

   28 lista_campos: IDENTIFICADOR DECLARADOR_TIPO d_tipo DELIMITADOR lista_campos
   29             | ε

   30 lista_d_cte: IDENTIFICADOR IGUAL literal DELIMITADOR lista_d_cte
   31            | ε

   32 literal: LITERAL_BOOLEANO
   33        | LITERAL_CADENA
   34        | LITERAL_CARACTER
   35        | LITERAL_ENTERO
   36        | LITERAL_REAL

   37 lista_d_var: lista_id DECLARADOR_TIPO d_tipo DELIMITADOR lista_d_var
   38            | ε

   39 lista_id: IDENTIFICADOR SEPARADOR lista_id
   40         | IDENTIFICADOR_BOOLEANO SEPARADOR lista_id
   41         | IDENTIFICADOR
   42         | IDENTIFICADOR_BOOLEANO

   43 decl_ent_sal: ENTRADA_SALIDA lista_d_var
   44             | ENTRADA_SALIDA lista_d_var ENTRADA_SALIDA lista_d_var

   45 expresion: exp_a
   46          | exp_b
   47          | funcion_ll

   48 exp_a: exp_a OPERADORES_SUMA exp_a
   49      | exp_a OPERADORES_MULTIPLICACION exp_a
   50      | COMIENZO_PARENTESIS exp_a FIN_PARENTESIS
   51      | operando
   52      | literal_numerico
   53      | OPERADORES_SUMA exp_a

   54 literal_numerico: LITERAL_ENTERO
   55                 | LITERAL_REAL

   56 exp_b: exp_b OPERADORES_BOOLEANOS m exp_b
   57      | NEGACION exp_b
   58      | operando_b
   59      | LITERAL_BOOLEANO
   60      | expresion COMPARADORES expresion
   61      | expresion IGUAL expresion
   62      | COMIENZO_PARENTESIS exp_b FIN_PARENTESIS

   63 m: ε

   64 operando: IDENTIFICADOR
   65         | operando PUNTERO operando
   66         | operando COMIENZO_INDICE expresion FIN_INDICE
   67         | operando REFERENCIA

   68 operando_b: IDENTIFICADOR_BOOLEANO

   69 instrucciones: instruccion DELIMITADOR instrucciones
   70              | instruccion

   71 instruccion: CONTINUAR
   72            | asignacion
   73            | alternativa
   74            | iteracion
   75            | accion_ll

   76 asignacion: operando ASIGNACION exp_a
   77           | operando_b ASIGNACION exp_b

   78 alternativa: COMIENZO_SI expresion ENTONCES instrucciones lista_opciones FIN_SI

   79 lista_opciones: ELSE expresion ENTONCES instrucciones lista_opciones
   80               | ε

   81 iteracion: it_cota_fija
   82          | it_cota_exp

   83 it_cota_exp: COMIENZO_BUCLE_MIENTRAS expresion COMIENZO_BUCLE_HACER instrucciones FIN_BUCLE_MIENTRAS

   84 it_cota_fija: COMIENZO_BUCLE_PARA IDENTIFICADOR ASIGNACION expresion HASTA expresion COMIENZO_BUCLE_HACER instrucciones FIN_BUCLE_PARA

   85 accion_d: COMIENZO_ACCION a_cabecera bloque FIN_ACCION

   86 funcion_d: COMIENZO_FUNCION f_cabecera bloque RETORNO expresion FIN_FUNCION

   87 a_cabecera: IDENTIFICADOR COMIENZO_PARENTESIS d_par_form FIN_PARENTESIS DELIMITADOR

   88 f_cabecera: IDENTIFICADOR COMIENZO_PARENTESIS lista_d_var FIN_PARENTESIS RETORNO d_tipo DELIMITADOR

   89 d_par_form: d_p_form DELIMITADOR d_par_form
   90           | ε

   91 d_p_form: ENTRADA_SALIDA lista_id DECLARADOR_TIPO d_tipo

   92 accion_ll: IDENTIFICADOR COMIENZO_PARENTESIS l_ll FIN_PARENTESIS

   93 funcion_ll: IDENTIFICADOR COMIENZO_PARENTESIS l_ll FIN_PARENTESIS

   94 l_ll: expresion SEPARADOR l_ll
   95     | expresion


Terminals, with rules where they appear

    $end (0) 0
    error (256)
    LITERAL_CARACTER (258) 27 34
    ASIGNACION (259) 76 77 84
    DELIMITADOR (260) 1 15 16 17 28 30 37 69 87 88 89
    SEPARADOR (261) 18 39 40 94
    COMIENZO_ALGORITMO (262) 1
    FIN_ALGORITMO (263) 1
    COMIENZO_PARENTESIS (264) 50 62 87 88 92 93
    FIN_PARENTESIS (265) 50 62 87 88 92 93
    COMIENZO_ACCION (266) 85
    FIN_ACCION (267) 85
    COMIENZO_FUNCION (268) 86
    FIN_FUNCION (269) 86
    COMIENZO_CONSTANTES (270) 16
    FIN_CONSTANTES (271) 16
    COMIENZO_BUCLE_MIENTRAS (272) 83
    FIN_BUCLE_MIENTRAS (273) 83
    COMIENZO_BUCLE_HACER (274) 83 84
    HASTA (275) 84
    COMIENZO_BUCLE_PARA (276) 84
    FIN_BUCLE_PARA (277) 84
    COMIENZO_VAR (278) 17
    FIN_VAR (279) 17
    DECLARADOR_TIPO (280) 28 37 91
    COMIENZO_SI (281) 78
    FIN_SI (282) 78
    ENTONCES (283) 78 79
    ELSE (284) 79
    RETORNO (285) 86 88
    NEGACION (286) 57
    PRECONDICION (287) 2
    POSTCONDICION (288) 3
    COMIENZO_TIPO (289) 15
    FIN_TIPO (290) 15
    COMIENZO_TUPLA (291) 20
    FIN_TUPLA (292) 20
    COMIENZO_TABLA (293) 21
    RANGO (294) 21 23
    DECLARADOR_TIPO_TABLA (295) 21
    COMIENZO_INDICE (296) 21 66
    FIN_INDICE (297) 21 66
    REFERENCIA (298) 24 67
    PUNTERO (299) 65
    CONTINUAR (300) 71
    LITERAL_REAL <real> (301) 36 55
    LITERAL_CADENA <cadena> (302) 33
    IDENTIFICADOR_BOOLEANO <cadena> (303) 40 42 68
    IDENTIFICADOR <cadena> (304) 1 18 22 28 30 39 41 64 84 87 88 92 93
    LITERAL_ENTERO <entero> (305) 35 54
    OPERADORES_MULTIPLICACION <entero> (306) 49
    OPERADORES_SUMA <entero> (307) 48 53
    LITERAL_BOOLEANO <entero> (308) 32 59
    IGUAL <entero> (309) 18 30 61
    COMPARADORES <entero> (310) 60
    TIPO <entero> (311) 25
    ENTRADA_SALIDA <entero> (312) 43 44 91
    OPERADORES_BOOLEANOS <entero> (313) 56


Nonterminals, with rules where they appear

    $accept (59)
        on left: 0
    desc_algoritmo (60)
        on left: 1
        on right: 0
    cabecera_alg (61)
        on left: 2
        on right: 1
    bloque_alg (62)
        on left: 3
        on right: 1
    decl_globales (63)
        on left: 4 5 6
        on right: 2 4 5
    decl_a_f (64)
        on left: 7 8 9
        on right: 2 7 8
    bloque (65)
        on left: 10
        on right: 3 85 86
    declaraciones (66)
        on left: 11 12 13 14
        on right: 10 11 12 13
    declaracion_tipo (67)
        on left: 15
        on right: 4 11
    declaracion_const (68)
        on left: 16
        on right: 5 12
    declaracion_var (69)
        on left: 17
        on right: 13
    lista_d_tipo (70)
        on left: 18 19
        on right: 15 18
    d_tipo <type> (71)
        on left: 20 21 22 23 24 25
        on right: 18 21 24 28 37 88 91
    expresion_t (72)
        on left: 26 27
        on right: 21 23
    lista_campos (73)
        on left: 28 29
        on right: 20 28
    lista_d_cte (74)
        on left: 30 31
        on right: 16 30
    literal (75)
        on left: 32 33 34 35 36
        on right: 30
    lista_d_var <listaId> (76)
        on left: 37 38
        on right: 17 37 43 44 88
    lista_id <listaId> (77)
        on left: 39 40 41 42
        on right: 37 39 40 91
    decl_ent_sal (78)
        on left: 43 44
        on right: 2
    expresion <expresion> (79)
        on left: 45 46 47
        on right: 26 60 61 66 78 79 83 84 86 94 95
    exp_a <expresion> (80)
        on left: 48 49 50 51 52 53
        on right: 45 48 49 50 53 76
    literal_numerico <expresion> (81)
        on left: 54 55
        on right: 52
    exp_b <expresion_bool> (82)
        on left: 56 57 58 59 60 61 62
        on right: 46 56 57 62 77
    m <param> (83)
        on left: 63
        on right: 56
    operando <expresion> (84)
        on left: 64 65 66 67
        on right: 51 65 66 67 76
    operando_b <expresion> (85)
        on left: 68
        on right: 58 77
    instrucciones (86)
        on left: 69 70
        on right: 10 69 78 79 83 84
    instruccion (87)
        on left: 71 72 73 74 75
        on right: 69 70
    asignacion <expresion> (88)
        on left: 76 77
        on right: 72
    alternativa (89)
        on left: 78
        on right: 73
    lista_opciones (90)
        on left: 79 80
        on right: 78 79
    iteracion (91)
        on left: 81 82
        on right: 74
    it_cota_exp (92)
        on left: 83
        on right: 82
    it_cota_fija (93)
        on left: 84
        on right: 81
    accion_d (94)
        on left: 85
        on right: 7
    funcion_d (95)
        on left: 86
        on right: 8
    a_cabecera (96)
        on left: 87
        on right: 85
    f_cabecera (97)
        on left: 88
        on right: 86
    d_par_form (98)
        on left: 89 90
        on right: 87 89
    d_p_form (99)
        on left: 91
        on right: 89
    accion_ll (100)
        on left: 92
        on right: 75
    funcion_ll (101)
        on left: 93
        on right: 47
    l_ll (102)
        on left: 94 95
        on right: 92 93 94


State 0

    0 $accept: • desc_algoritmo $end

    COMIENZO_ALGORITMO  shift, and go to state 1

    desc_algoritmo  go to state 2


State 1

    1 desc_algoritmo: COMIENZO_ALGORITMO • IDENTIFICADOR DELIMITADOR cabecera_alg bloque_alg FIN_ALGORITMO

    IDENTIFICADOR  shift, and go to state 3


State 2

    0 $accept: desc_algoritmo • $end

    $end  shift, and go to state 4


State 3

    1 desc_algoritmo: COMIENZO_ALGORITMO IDENTIFICADOR • DELIMITADOR cabecera_alg bloque_alg FIN_ALGORITMO

    DELIMITADOR  shift, and go to state 5


State 4

    0 $accept: desc_algoritmo $end •

    $default  accept


State 5

    1 desc_algoritmo: COMIENZO_ALGORITMO IDENTIFICADOR DELIMITADOR • cabecera_alg bloque_alg FIN_ALGORITMO

    COMIENZO_CONSTANTES  shift, and go to state 6
    COMIENZO_TIPO        shift, and go to state 7

    $default  reduce using rule 6 (decl_globales)

    cabecera_alg       go to state 8
    decl_globales      go to state 9
    declaracion_tipo   go to state 10
    declaracion_const  go to state 11


State 6

   16 declaracion_const: COMIENZO_CONSTANTES • lista_d_cte FIN_CONSTANTES DELIMITADOR

    IDENTIFICADOR  shift, and go to state 12

    $default  reduce using rule 31 (lista_d_cte)

    lista_d_cte  go to state 13


State 7

   15 declaracion_tipo: COMIENZO_TIPO • lista_d_tipo FIN_TIPO DELIMITADOR

    IDENTIFICADOR  shift, and go to state 14

    $default  reduce using rule 19 (lista_d_tipo)

    lista_d_tipo  go to state 15


State 8

    1 desc_algoritmo: COMIENZO_ALGORITMO IDENTIFICADOR DELIMITADOR cabecera_alg • bloque_alg FIN_ALGORITMO

    COMIENZO_CONSTANTES  shift, and go to state 6
    COMIENZO_VAR         shift, and go to state 16
    COMIENZO_TIPO        shift, and go to state 7

    $default  reduce using rule 14 (declaraciones)

    bloque_alg         go to state 17
    bloque             go to state 18
    declaraciones      go to state 19
    declaracion_tipo   go to state 20
    declaracion_const  go to state 21
    declaracion_var    go to state 22


State 9

    2 cabecera_alg: decl_globales • decl_a_f decl_ent_sal PRECONDICION

    COMIENZO_ACCION   shift, and go to state 23
    COMIENZO_FUNCION  shift, and go to state 24

    $default  reduce using rule 9 (decl_a_f)

    decl_a_f   go to state 25
    accion_d   go to state 26
    funcion_d  go to state 27


State 10

    4 decl_globales: declaracion_tipo • decl_globales

    COMIENZO_CONSTANTES  shift, and go to state 6
    COMIENZO_TIPO        shift, and go to state 7

    $default  reduce using rule 6 (decl_globales)

    decl_globales      go to state 28
    declaracion_tipo   go to state 10
    declaracion_const  go to state 11


State 11

    5 decl_globales: declaracion_const • decl_globales

    COMIENZO_CONSTANTES  shift, and go to state 6
    COMIENZO_TIPO        shift, and go to state 7

    $default  reduce using rule 6 (decl_globales)

    decl_globales      go to state 29
    declaracion_tipo   go to state 10
    declaracion_const  go to state 11


State 12

   30 lista_d_cte: IDENTIFICADOR • IGUAL literal DELIMITADOR lista_d_cte

    IGUAL  shift, and go to state 30


State 13

   16 declaracion_const: COMIENZO_CONSTANTES lista_d_cte • FIN_CONSTANTES DELIMITADOR

    FIN_CONSTANTES  shift, and go to state 31


State 14

   18 lista_d_tipo: IDENTIFICADOR • IGUAL d_tipo SEPARADOR lista_d_tipo

    IGUAL  shift, and go to state 32


State 15

   15 declaracion_tipo: COMIENZO_TIPO lista_d_tipo • FIN_TIPO DELIMITADOR

    FIN_TIPO  shift, and go to state 33


State 16

   17 declaracion_var: COMIENZO_VAR • lista_d_var FIN_VAR DELIMITADOR

    IDENTIFICADOR_BOOLEANO  shift, and go to state 34
    IDENTIFICADOR           shift, and go to state 35

    $default  reduce using rule 38 (lista_d_var)

    lista_d_var  go to state 36
    lista_id     go to state 37


State 17

    1 desc_algoritmo: COMIENZO_ALGORITMO IDENTIFICADOR DELIMITADOR cabecera_alg bloque_alg • FIN_ALGORITMO

    FIN_ALGORITMO  shift, and go to state 38


State 18

    3 bloque_alg: bloque • POSTCONDICION

    POSTCONDICION  shift, and go to state 39


State 19

   10 bloque: declaraciones • instrucciones

    COMIENZO_BUCLE_MIENTRAS  shift, and go to state 40
    COMIENZO_BUCLE_PARA      shift, and go to state 41
    COMIENZO_SI              shift, and go to state 42
    CONTINUAR                shift, and go to state 43
    IDENTIFICADOR_BOOLEANO   shift, and go to state 44
    IDENTIFICADOR            shift, and go to state 45

    operando       go to state 46
    operando_b     go to state 47
    instrucciones  go to state 48
    instruccion    go to state 49
    asignacion     go to state 50
    alternativa    go to state 51
    iteracion      go to state 52
    it_cota_exp    go to state 53
    it_cota_fija   go to state 54
    accion_ll      go to state 55


State 20

   11 declaraciones: declaracion_tipo • declaraciones

    COMIENZO_CONSTANTES  shift, and go to state 6
    COMIENZO_VAR         shift, and go to state 16
    COMIENZO_TIPO        shift, and go to state 7

    $default  reduce using rule 14 (declaraciones)

    declaraciones      go to state 56
    declaracion_tipo   go to state 20
    declaracion_const  go to state 21
    declaracion_var    go to state 22


State 21

   12 declaraciones: declaracion_const • declaraciones

    COMIENZO_CONSTANTES  shift, and go to state 6
    COMIENZO_VAR         shift, and go to state 16
    COMIENZO_TIPO        shift, and go to state 7

    $default  reduce using rule 14 (declaraciones)

    declaraciones      go to state 57
    declaracion_tipo   go to state 20
    declaracion_const  go to state 21
    declaracion_var    go to state 22


State 22

   13 declaraciones: declaracion_var • declaraciones

    COMIENZO_CONSTANTES  shift, and go to state 6
    COMIENZO_VAR         shift, and go to state 16
    COMIENZO_TIPO        shift, and go to state 7

    $default  reduce using rule 14 (declaraciones)

    declaraciones      go to state 58
    declaracion_tipo   go to state 20
    declaracion_const  go to state 21
    declaracion_var    go to state 22


State 23

   85 accion_d: COMIENZO_ACCION • a_cabecera bloque FIN_ACCION

    IDENTIFICADOR  shift, and go to state 59

    a_cabecera  go to state 60


State 24

   86 funcion_d: COMIENZO_FUNCION • f_cabecera bloque RETORNO expresion FIN_FUNCION

    IDENTIFICADOR  shift, and go to state 61

    f_cabecera  go to state 62


State 25

    2 cabecera_alg: decl_globales decl_a_f • decl_ent_sal PRECONDICION

    ENTRADA_SALIDA  shift, and go to state 63

    decl_ent_sal  go to state 64


State 26

    7 decl_a_f: accion_d • decl_a_f

    COMIENZO_ACCION   shift, and go to state 23
    COMIENZO_FUNCION  shift, and go to state 24

    $default  reduce using rule 9 (decl_a_f)

    decl_a_f   go to state 65
    accion_d   go to state 26
    funcion_d  go to state 27


State 27

    8 decl_a_f: funcion_d • decl_a_f

    COMIENZO_ACCION   shift, and go to state 23
    COMIENZO_FUNCION  shift, and go to state 24

    $default  reduce using rule 9 (decl_a_f)

    decl_a_f   go to state 66
    accion_d   go to state 26
    funcion_d  go to state 27


State 28

    4 decl_globales: declaracion_tipo decl_globales •

    $default  reduce using rule 4 (decl_globales)


State 29

    5 decl_globales: declaracion_const decl_globales •

    $default  reduce using rule 5 (decl_globales)


State 30

   30 lista_d_cte: IDENTIFICADOR IGUAL • literal DELIMITADOR lista_d_cte

    LITERAL_CARACTER  shift, and go to state 67
    LITERAL_REAL      shift, and go to state 68
    LITERAL_CADENA    shift, and go to state 69
    LITERAL_ENTERO    shift, and go to state 70
    LITERAL_BOOLEANO  shift, and go to state 71

    literal  go to state 72


State 31

   16 declaracion_const: COMIENZO_CONSTANTES lista_d_cte FIN_CONSTANTES • DELIMITADOR

    DELIMITADOR  shift, and go to state 73


State 32

   18 lista_d_tipo: IDENTIFICADOR IGUAL • d_tipo SEPARADOR lista_d_tipo

    LITERAL_CARACTER        shift, and go to state 74
    COMIENZO_PARENTESIS     shift, and go to state 75
    NEGACION                shift, and go to state 76
    COMIENZO_TUPLA          shift, and go to state 77
    COMIENZO_TABLA          shift, and go to state 78
    REFERENCIA              shift, and go to state 79
    LITERAL_REAL            shift, and go to state 80
    IDENTIFICADOR_BOOLEANO  shift, and go to state 44
    IDENTIFICADOR           shift, and go to state 81
    LITERAL_ENTERO          shift, and go to state 82
    OPERADORES_SUMA         shift, and go to state 83
    LITERAL_BOOLEANO        shift, and go to state 84
    TIPO                    shift, and go to state 85

    d_tipo            go to state 86
    expresion_t       go to state 87
    expresion         go to state 88
    exp_a             go to state 89
    literal_numerico  go to state 90
    exp_b             go to state 91
    operando          go to state 92
    operando_b        go to state 93
    funcion_ll        go to state 94


State 33

   15 declaracion_tipo: COMIENZO_TIPO lista_d_tipo FIN_TIPO • DELIMITADOR

    DELIMITADOR  shift, and go to state 95


State 34

   40 lista_id: IDENTIFICADOR_BOOLEANO • SEPARADOR lista_id
   42         | IDENTIFICADOR_BOOLEANO •

    SEPARADOR  shift, and go to state 96

    $default  reduce using rule 42 (lista_id)


State 35

   39 lista_id: IDENTIFICADOR • SEPARADOR lista_id
   41         | IDENTIFICADOR •

    SEPARADOR  shift, and go to state 97

    $default  reduce using rule 41 (lista_id)


State 36

   17 declaracion_var: COMIENZO_VAR lista_d_var • FIN_VAR DELIMITADOR

    FIN_VAR  shift, and go to state 98


State 37

   37 lista_d_var: lista_id • DECLARADOR_TIPO d_tipo DELIMITADOR lista_d_var

    DECLARADOR_TIPO  shift, and go to state 99


State 38

    1 desc_algoritmo: COMIENZO_ALGORITMO IDENTIFICADOR DELIMITADOR cabecera_alg bloque_alg FIN_ALGORITMO •

    $default  reduce using rule 1 (desc_algoritmo)


State 39

    3 bloque_alg: bloque POSTCONDICION •

    $default  reduce using rule 3 (bloque_alg)


State 40

   83 it_cota_exp: COMIENZO_BUCLE_MIENTRAS • expresion COMIENZO_BUCLE_HACER instrucciones FIN_BUCLE_MIENTRAS

    COMIENZO_PARENTESIS     shift, and go to state 75
    NEGACION                shift, and go to state 76
    LITERAL_REAL            shift, and go to state 80
    IDENTIFICADOR_BOOLEANO  shift, and go to state 44
    IDENTIFICADOR           shift, and go to state 100
    LITERAL_ENTERO          shift, and go to state 82
    OPERADORES_SUMA         shift, and go to state 83
    LITERAL_BOOLEANO        shift, and go to state 84

    expresion         go to state 101
    exp_a             go to state 89
    literal_numerico  go to state 90
    exp_b             go to state 91
    operando          go to state 92
    operando_b        go to state 93
    funcion_ll        go to state 94


State 41

   84 it_cota_fija: COMIENZO_BUCLE_PARA • IDENTIFICADOR ASIGNACION expresion HASTA expresion COMIENZO_BUCLE_HACER instrucciones FIN_BUCLE_PARA

    IDENTIFICADOR  shift, and go to state 102


State 42

   78 alternativa: COMIENZO_SI • expresion ENTONCES instrucciones lista_opciones FIN_SI

    COMIENZO_PARENTESIS     shift, and go to state 75
    NEGACION                shift, and go to state 76
    LITERAL_REAL            shift, and go to state 80
    IDENTIFICADOR_BOOLEANO  shift, and go to state 44
    IDENTIFICADOR           shift, and go to state 100
    LITERAL_ENTERO          shift, and go to state 82
    OPERADORES_SUMA         shift, and go to state 83
    LITERAL_BOOLEANO        shift, and go to state 84

    expresion         go to state 103
    exp_a             go to state 89
    literal_numerico  go to state 90
    exp_b             go to state 91
    operando          go to state 92
    operando_b        go to state 93
    funcion_ll        go to state 94


State 43

   71 instruccion: CONTINUAR •

    $default  reduce using rule 71 (instruccion)


State 44

   68 operando_b: IDENTIFICADOR_BOOLEANO •

    $default  reduce using rule 68 (operando_b)


State 45

   64 operando: IDENTIFICADOR •
   92 accion_ll: IDENTIFICADOR • COMIENZO_PARENTESIS l_ll FIN_PARENTESIS

    COMIENZO_PARENTESIS  shift, and go to state 104

    $default  reduce using rule 64 (operando)


State 46

   65 operando: operando • PUNTERO operando
   66         | operando • COMIENZO_INDICE expresion FIN_INDICE
   67         | operando • REFERENCIA
   76 asignacion: operando • ASIGNACION exp_a

    ASIGNACION       shift, and go to state 105
    COMIENZO_INDICE  shift, and go to state 106
    REFERENCIA       shift, and go to state 107
    PUNTERO          shift, and go to state 108


State 47

   77 asignacion: operando_b • ASIGNACION exp_b

    ASIGNACION  shift, and go to state 109


State 48

   10 bloque: declaraciones instrucciones •

    $default  reduce using rule 10 (bloque)


State 49

   69 instrucciones: instruccion • DELIMITADOR instrucciones
   70              | instruccion •

    DELIMITADOR  shift, and go to state 110

    $default  reduce using rule 70 (instrucciones)


State 50

   72 instruccion: asignacion •

    $default  reduce using rule 72 (instruccion)


State 51

   73 instruccion: alternativa •

    $default  reduce using rule 73 (instruccion)


State 52

   74 instruccion: iteracion •

    $default  reduce using rule 74 (instruccion)


State 53

   82 iteracion: it_cota_exp •

    $default  reduce using rule 82 (iteracion)


State 54

   81 iteracion: it_cota_fija •

    $default  reduce using rule 81 (iteracion)


State 55

   75 instruccion: accion_ll •

    $default  reduce using rule 75 (instruccion)


State 56

   11 declaraciones: declaracion_tipo declaraciones •

    $default  reduce using rule 11 (declaraciones)


State 57

   12 declaraciones: declaracion_const declaraciones •

    $default  reduce using rule 12 (declaraciones)


State 58

   13 declaraciones: declaracion_var declaraciones •

    $default  reduce using rule 13 (declaraciones)


State 59

   87 a_cabecera: IDENTIFICADOR • COMIENZO_PARENTESIS d_par_form FIN_PARENTESIS DELIMITADOR

    COMIENZO_PARENTESIS  shift, and go to state 111


State 60

   85 accion_d: COMIENZO_ACCION a_cabecera • bloque FIN_ACCION

    COMIENZO_CONSTANTES  shift, and go to state 6
    COMIENZO_VAR         shift, and go to state 16
    COMIENZO_TIPO        shift, and go to state 7

    $default  reduce using rule 14 (declaraciones)

    bloque             go to state 112
    declaraciones      go to state 19
    declaracion_tipo   go to state 20
    declaracion_const  go to state 21
    declaracion_var    go to state 22


State 61

   88 f_cabecera: IDENTIFICADOR • COMIENZO_PARENTESIS lista_d_var FIN_PARENTESIS RETORNO d_tipo DELIMITADOR

    COMIENZO_PARENTESIS  shift, and go to state 113


State 62

   86 funcion_d: COMIENZO_FUNCION f_cabecera • bloque RETORNO expresion FIN_FUNCION

    COMIENZO_CONSTANTES  shift, and go to state 6
    COMIENZO_VAR         shift, and go to state 16
    COMIENZO_TIPO        shift, and go to state 7

    $default  reduce using rule 14 (declaraciones)

    bloque             go to state 114
    declaraciones      go to state 19
    declaracion_tipo   go to state 20
    declaracion_const  go to state 21
    declaracion_var    go to state 22


State 63

   43 decl_ent_sal: ENTRADA_SALIDA • lista_d_var
   44             | ENTRADA_SALIDA • lista_d_var ENTRADA_SALIDA lista_d_var

    IDENTIFICADOR_BOOLEANO  shift, and go to state 34
    IDENTIFICADOR           shift, and go to state 35

    $default  reduce using rule 38 (lista_d_var)

    lista_d_var  go to state 115
    lista_id     go to state 37


State 64

    2 cabecera_alg: decl_globales decl_a_f decl_ent_sal • PRECONDICION

    PRECONDICION  shift, and go to state 116


State 65

    7 decl_a_f: accion_d decl_a_f •

    $default  reduce using rule 7 (decl_a_f)


State 66

    8 decl_a_f: funcion_d decl_a_f •

    $default  reduce using rule 8 (decl_a_f)


State 67

   34 literal: LITERAL_CARACTER •

    $default  reduce using rule 34 (literal)


State 68

   36 literal: LITERAL_REAL •

    $default  reduce using rule 36 (literal)


State 69

   33 literal: LITERAL_CADENA •

    $default  reduce using rule 33 (literal)


State 70

   35 literal: LITERAL_ENTERO •

    $default  reduce using rule 35 (literal)


State 71

   32 literal: LITERAL_BOOLEANO •

    $default  reduce using rule 32 (literal)


State 72

   30 lista_d_cte: IDENTIFICADOR IGUAL literal • DELIMITADOR lista_d_cte

    DELIMITADOR  shift, and go to state 117


State 73

   16 declaracion_const: COMIENZO_CONSTANTES lista_d_cte FIN_CONSTANTES DELIMITADOR •

    $default  reduce using rule 16 (declaracion_const)


State 74

   27 expresion_t: LITERAL_CARACTER •

    $default  reduce using rule 27 (expresion_t)


State 75

   50 exp_a: COMIENZO_PARENTESIS • exp_a FIN_PARENTESIS
   62 exp_b: COMIENZO_PARENTESIS • exp_b FIN_PARENTESIS

    COMIENZO_PARENTESIS     shift, and go to state 75
    NEGACION                shift, and go to state 76
    LITERAL_REAL            shift, and go to state 80
    IDENTIFICADOR_BOOLEANO  shift, and go to state 44
    IDENTIFICADOR           shift, and go to state 100
    LITERAL_ENTERO          shift, and go to state 82
    OPERADORES_SUMA         shift, and go to state 83
    LITERAL_BOOLEANO        shift, and go to state 84

    expresion         go to state 118
    exp_a             go to state 119
    literal_numerico  go to state 90
    exp_b             go to state 120
    operando          go to state 92
    operando_b        go to state 93
    funcion_ll        go to state 94


State 76

   57 exp_b: NEGACION • exp_b

    COMIENZO_PARENTESIS     shift, and go to state 75
    NEGACION                shift, and go to state 76
    LITERAL_REAL            shift, and go to state 80
    IDENTIFICADOR_BOOLEANO  shift, and go to state 44
    IDENTIFICADOR           shift, and go to state 100
    LITERAL_ENTERO          shift, and go to state 82
    OPERADORES_SUMA         shift, and go to state 83
    LITERAL_BOOLEANO        shift, and go to state 84

    expresion         go to state 118
    exp_a             go to state 89
    literal_numerico  go to state 90
    exp_b             go to state 121
    operando          go to state 92
    operando_b        go to state 93
    funcion_ll        go to state 94


State 77

   20 d_tipo: COMIENZO_TUPLA • lista_campos FIN_TUPLA

    IDENTIFICADOR  shift, and go to state 122

    $default  reduce using rule 29 (lista_campos)

    lista_campos  go to state 123


State 78

   21 d_tipo: COMIENZO_TABLA • COMIENZO_INDICE expresion_t RANGO expresion_t FIN_INDICE DECLARADOR_TIPO_TABLA d_tipo

    COMIENZO_INDICE  shift, and go to state 124


State 79

   24 d_tipo: REFERENCIA • d_tipo

    LITERAL_CARACTER        shift, and go to state 74
    COMIENZO_PARENTESIS     shift, and go to state 75
    NEGACION                shift, and go to state 76
    COMIENZO_TUPLA          shift, and go to state 77
    COMIENZO_TABLA          shift, and go to state 78
    REFERENCIA              shift, and go to state 79
    LITERAL_REAL            shift, and go to state 80
    IDENTIFICADOR_BOOLEANO  shift, and go to state 44
    IDENTIFICADOR           shift, and go to state 81
    LITERAL_ENTERO          shift, and go to state 82
    OPERADORES_SUMA         shift, and go to state 83
    LITERAL_BOOLEANO        shift, and go to state 84
    TIPO                    shift, and go to state 85

    d_tipo            go to state 125
    expresion_t       go to state 87
    expresion         go to state 88
    exp_a             go to state 89
    literal_numerico  go to state 90
    exp_b             go to state 91
    operando          go to state 92
    operando_b        go to state 93
    funcion_ll        go to state 94


State 80

   55 literal_numerico: LITERAL_REAL •

    $default  reduce using rule 55 (literal_numerico)


State 81

   22 d_tipo: IDENTIFICADOR •
   64 operando: IDENTIFICADOR •
   93 funcion_ll: IDENTIFICADOR • COMIENZO_PARENTESIS l_ll FIN_PARENTESIS

    COMIENZO_PARENTESIS  shift, and go to state 126

    DELIMITADOR  reduce using rule 22 (d_tipo)
    SEPARADOR    reduce using rule 22 (d_tipo)
    $default     reduce using rule 64 (operando)


State 82

   54 literal_numerico: LITERAL_ENTERO •

    $default  reduce using rule 54 (literal_numerico)


State 83

   53 exp_a: OPERADORES_SUMA • exp_a

    COMIENZO_PARENTESIS  shift, and go to state 127
    LITERAL_REAL         shift, and go to state 80
    IDENTIFICADOR        shift, and go to state 128
    LITERAL_ENTERO       shift, and go to state 82
    OPERADORES_SUMA      shift, and go to state 83

    exp_a             go to state 129
    literal_numerico  go to state 90
    operando          go to state 92


State 84

   59 exp_b: LITERAL_BOOLEANO •

    $default  reduce using rule 59 (exp_b)


State 85

   25 d_tipo: TIPO •

    $default  reduce using rule 25 (d_tipo)


State 86

   18 lista_d_tipo: IDENTIFICADOR IGUAL d_tipo • SEPARADOR lista_d_tipo

    SEPARADOR  shift, and go to state 130


State 87

   23 d_tipo: expresion_t • RANGO expresion_t

    RANGO  shift, and go to state 131


State 88

   26 expresion_t: expresion •
   60 exp_b: expresion • COMPARADORES expresion
   61      | expresion • IGUAL expresion

    IGUAL         shift, and go to state 132
    COMPARADORES  shift, and go to state 133

    $default  reduce using rule 26 (expresion_t)


State 89

   45 expresion: exp_a •
   48 exp_a: exp_a • OPERADORES_SUMA exp_a
   49      | exp_a • OPERADORES_MULTIPLICACION exp_a

    OPERADORES_MULTIPLICACION  shift, and go to state 134
    OPERADORES_SUMA            shift, and go to state 135

    $default  reduce using rule 45 (expresion)


State 90

   52 exp_a: literal_numerico •

    $default  reduce using rule 52 (exp_a)


State 91

   46 expresion: exp_b •
   56 exp_b: exp_b • OPERADORES_BOOLEANOS m exp_b

    OPERADORES_BOOLEANOS  shift, and go to state 136

    OPERADORES_BOOLEANOS  [reduce using rule 46 (expresion)]
    $default              reduce using rule 46 (expresion)


State 92

   51 exp_a: operando •
   65 operando: operando • PUNTERO operando
   66         | operando • COMIENZO_INDICE expresion FIN_INDICE
   67         | operando • REFERENCIA

    COMIENZO_INDICE  shift, and go to state 106
    REFERENCIA       shift, and go to state 107
    PUNTERO          shift, and go to state 108

    $default  reduce using rule 51 (exp_a)


State 93

   58 exp_b: operando_b •

    $default  reduce using rule 58 (exp_b)


State 94

   47 expresion: funcion_ll •

    $default  reduce using rule 47 (expresion)


State 95

   15 declaracion_tipo: COMIENZO_TIPO lista_d_tipo FIN_TIPO DELIMITADOR •

    $default  reduce using rule 15 (declaracion_tipo)


State 96

   40 lista_id: IDENTIFICADOR_BOOLEANO SEPARADOR • lista_id

    IDENTIFICADOR_BOOLEANO  shift, and go to state 34
    IDENTIFICADOR           shift, and go to state 35

    lista_id  go to state 137


State 97

   39 lista_id: IDENTIFICADOR SEPARADOR • lista_id

    IDENTIFICADOR_BOOLEANO  shift, and go to state 34
    IDENTIFICADOR           shift, and go to state 35

    lista_id  go to state 138


State 98

   17 declaracion_var: COMIENZO_VAR lista_d_var FIN_VAR • DELIMITADOR

    DELIMITADOR  shift, and go to state 139


State 99

   37 lista_d_var: lista_id DECLARADOR_TIPO • d_tipo DELIMITADOR lista_d_var

    LITERAL_CARACTER        shift, and go to state 74
    COMIENZO_PARENTESIS     shift, and go to state 75
    NEGACION                shift, and go to state 76
    COMIENZO_TUPLA          shift, and go to state 77
    COMIENZO_TABLA          shift, and go to state 78
    REFERENCIA              shift, and go to state 79
    LITERAL_REAL            shift, and go to state 80
    IDENTIFICADOR_BOOLEANO  shift, and go to state 44
    IDENTIFICADOR           shift, and go to state 81
    LITERAL_ENTERO          shift, and go to state 82
    OPERADORES_SUMA         shift, and go to state 83
    LITERAL_BOOLEANO        shift, and go to state 84
    TIPO                    shift, and go to state 85

    d_tipo            go to state 140
    expresion_t       go to state 87
    expresion         go to state 88
    exp_a             go to state 89
    literal_numerico  go to state 90
    exp_b             go to state 91
    operando          go to state 92
    operando_b        go to state 93
    funcion_ll        go to state 94


State 100

   64 operando: IDENTIFICADOR •
   93 funcion_ll: IDENTIFICADOR • COMIENZO_PARENTESIS l_ll FIN_PARENTESIS

    COMIENZO_PARENTESIS  shift, and go to state 126

    $default  reduce using rule 64 (operando)


State 101

   60 exp_b: expresion • COMPARADORES expresion
   61      | expresion • IGUAL expresion
   83 it_cota_exp: COMIENZO_BUCLE_MIENTRAS expresion • COMIENZO_BUCLE_HACER instrucciones FIN_BUCLE_MIENTRAS

    COMIENZO_BUCLE_HACER  shift, and go to state 141
    IGUAL                 shift, and go to state 132
    COMPARADORES          shift, and go to state 133


State 102

   84 it_cota_fija: COMIENZO_BUCLE_PARA IDENTIFICADOR • ASIGNACION expresion HASTA expresion COMIENZO_BUCLE_HACER instrucciones FIN_BUCLE_PARA

    ASIGNACION  shift, and go to state 142


State 103

   60 exp_b: expresion • COMPARADORES expresion
   61      | expresion • IGUAL expresion
   78 alternativa: COMIENZO_SI expresion • ENTONCES instrucciones lista_opciones FIN_SI

    ENTONCES      shift, and go to state 143
    IGUAL         shift, and go to state 132
    COMPARADORES  shift, and go to state 133


State 104

   92 accion_ll: IDENTIFICADOR COMIENZO_PARENTESIS • l_ll FIN_PARENTESIS

    COMIENZO_PARENTESIS     shift, and go to state 75
    NEGACION                shift, and go to state 76
    LITERAL_REAL            shift, and go to state 80
    IDENTIFICADOR_BOOLEANO  shift, and go to state 44
    IDENTIFICADOR           shift, and go to state 100
    LITERAL_ENTERO          shift, and go to state 82
    OPERADORES_SUMA         shift, and go to state 83
    LITERAL_BOOLEANO        shift, and go to state 84

    expresion         go to state 144
    exp_a             go to state 89
    literal_numerico  go to state 90
    exp_b             go to state 91
    operando          go to state 92
    operando_b        go to state 93
    funcion_ll        go to state 94
    l_ll              go to state 145


State 105

   76 asignacion: operando ASIGNACION • exp_a

    COMIENZO_PARENTESIS  shift, and go to state 127
    LITERAL_REAL         shift, and go to state 80
    IDENTIFICADOR        shift, and go to state 128
    LITERAL_ENTERO       shift, and go to state 82
    OPERADORES_SUMA      shift, and go to state 83

    exp_a             go to state 146
    literal_numerico  go to state 90
    operando          go to state 92


State 106

   66 operando: operando COMIENZO_INDICE • expresion FIN_INDICE

    COMIENZO_PARENTESIS     shift, and go to state 75
    NEGACION                shift, and go to state 76
    LITERAL_REAL            shift, and go to state 80
    IDENTIFICADOR_BOOLEANO  shift, and go to state 44
    IDENTIFICADOR           shift, and go to state 100
    LITERAL_ENTERO          shift, and go to state 82
    OPERADORES_SUMA         shift, and go to state 83
    LITERAL_BOOLEANO        shift, and go to state 84

    expresion         go to state 147
    exp_a             go to state 89
    literal_numerico  go to state 90
    exp_b             go to state 91
    operando          go to state 92
    operando_b        go to state 93
    funcion_ll        go to state 94


State 107

   67 operando: operando REFERENCIA •

    $default  reduce using rule 67 (operando)


State 108

   65 operando: operando PUNTERO • operando

    IDENTIFICADOR  shift, and go to state 128

    operando  go to state 148


State 109

   77 asignacion: operando_b ASIGNACION • exp_b

    COMIENZO_PARENTESIS     shift, and go to state 75
    NEGACION                shift, and go to state 76
    LITERAL_REAL            shift, and go to state 80
    IDENTIFICADOR_BOOLEANO  shift, and go to state 44
    IDENTIFICADOR           shift, and go to state 100
    LITERAL_ENTERO          shift, and go to state 82
    OPERADORES_SUMA         shift, and go to state 83
    LITERAL_BOOLEANO        shift, and go to state 84

    expresion         go to state 118
    exp_a             go to state 89
    literal_numerico  go to state 90
    exp_b             go to state 149
    operando          go to state 92
    operando_b        go to state 93
    funcion_ll        go to state 94


State 110

   69 instrucciones: instruccion DELIMITADOR • instrucciones

    COMIENZO_BUCLE_MIENTRAS  shift, and go to state 40
    COMIENZO_BUCLE_PARA      shift, and go to state 41
    COMIENZO_SI              shift, and go to state 42
    CONTINUAR                shift, and go to state 43
    IDENTIFICADOR_BOOLEANO   shift, and go to state 44
    IDENTIFICADOR            shift, and go to state 45

    operando       go to state 46
    operando_b     go to state 47
    instrucciones  go to state 150
    instruccion    go to state 49
    asignacion     go to state 50
    alternativa    go to state 51
    iteracion      go to state 52
    it_cota_exp    go to state 53
    it_cota_fija   go to state 54
    accion_ll      go to state 55


State 111

   87 a_cabecera: IDENTIFICADOR COMIENZO_PARENTESIS • d_par_form FIN_PARENTESIS DELIMITADOR

    ENTRADA_SALIDA  shift, and go to state 151

    $default  reduce using rule 90 (d_par_form)

    d_par_form  go to state 152
    d_p_form    go to state 153


State 112

   85 accion_d: COMIENZO_ACCION a_cabecera bloque • FIN_ACCION

    FIN_ACCION  shift, and go to state 154


State 113

   88 f_cabecera: IDENTIFICADOR COMIENZO_PARENTESIS • lista_d_var FIN_PARENTESIS RETORNO d_tipo DELIMITADOR

    IDENTIFICADOR_BOOLEANO  shift, and go to state 34
    IDENTIFICADOR           shift, and go to state 35

    $default  reduce using rule 38 (lista_d_var)

    lista_d_var  go to state 155
    lista_id     go to state 37


State 114

   86 funcion_d: COMIENZO_FUNCION f_cabecera bloque • RETORNO expresion FIN_FUNCION

    RETORNO  shift, and go to state 156


State 115

   43 decl_ent_sal: ENTRADA_SALIDA lista_d_var •
   44             | ENTRADA_SALIDA lista_d_var • ENTRADA_SALIDA lista_d_var

    ENTRADA_SALIDA  shift, and go to state 157

    $default  reduce using rule 43 (decl_ent_sal)


State 116

    2 cabecera_alg: decl_globales decl_a_f decl_ent_sal PRECONDICION •

    $default  reduce using rule 2 (cabecera_alg)


State 117

   30 lista_d_cte: IDENTIFICADOR IGUAL literal DELIMITADOR • lista_d_cte

    IDENTIFICADOR  shift, and go to state 12

    $default  reduce using rule 31 (lista_d_cte)

    lista_d_cte  go to state 158


State 118

   60 exp_b: expresion • COMPARADORES expresion
   61      | expresion • IGUAL expresion

    IGUAL         shift, and go to state 132
    COMPARADORES  shift, and go to state 133


State 119

   45 expresion: exp_a •
   48 exp_a: exp_a • OPERADORES_SUMA exp_a
   49      | exp_a • OPERADORES_MULTIPLICACION exp_a
   50      | COMIENZO_PARENTESIS exp_a • FIN_PARENTESIS

    FIN_PARENTESIS             shift, and go to state 159
    OPERADORES_MULTIPLICACION  shift, and go to state 134
    OPERADORES_SUMA            shift, and go to state 135

    $default  reduce using rule 45 (expresion)


State 120

   46 expresion: exp_b •
   56 exp_b: exp_b • OPERADORES_BOOLEANOS m exp_b
   62      | COMIENZO_PARENTESIS exp_b • FIN_PARENTESIS

    FIN_PARENTESIS        shift, and go to state 160
    OPERADORES_BOOLEANOS  shift, and go to state 136

    $default  reduce using rule 46 (expresion)


State 121

   46 expresion: exp_b •
   56 exp_b: exp_b • OPERADORES_BOOLEANOS m exp_b
   57      | NEGACION exp_b •

    IGUAL         reduce using rule 46 (expresion)
    IGUAL         [reduce using rule 57 (exp_b)]
    COMPARADORES  reduce using rule 46 (expresion)
    COMPARADORES  [reduce using rule 57 (exp_b)]
    $default      reduce using rule 57 (exp_b)


State 122

   28 lista_campos: IDENTIFICADOR • DECLARADOR_TIPO d_tipo DELIMITADOR lista_campos

    DECLARADOR_TIPO  shift, and go to state 161


State 123

   20 d_tipo: COMIENZO_TUPLA lista_campos • FIN_TUPLA

    FIN_TUPLA  shift, and go to state 162


State 124

   21 d_tipo: COMIENZO_TABLA COMIENZO_INDICE • expresion_t RANGO expresion_t FIN_INDICE DECLARADOR_TIPO_TABLA d_tipo

    LITERAL_CARACTER        shift, and go to state 74
    COMIENZO_PARENTESIS     shift, and go to state 75
    NEGACION                shift, and go to state 76
    LITERAL_REAL            shift, and go to state 80
    IDENTIFICADOR_BOOLEANO  shift, and go to state 44
    IDENTIFICADOR           shift, and go to state 100
    LITERAL_ENTERO          shift, and go to state 82
    OPERADORES_SUMA         shift, and go to state 83
    LITERAL_BOOLEANO        shift, and go to state 84

    expresion_t       go to state 163
    expresion         go to state 88
    exp_a             go to state 89
    literal_numerico  go to state 90
    exp_b             go to state 91
    operando          go to state 92
    operando_b        go to state 93
    funcion_ll        go to state 94


State 125

   24 d_tipo: REFERENCIA d_tipo •

    $default  reduce using rule 24 (d_tipo)


State 126

   93 funcion_ll: IDENTIFICADOR COMIENZO_PARENTESIS • l_ll FIN_PARENTESIS

    COMIENZO_PARENTESIS     shift, and go to state 75
    NEGACION                shift, and go to state 76
    LITERAL_REAL            shift, and go to state 80
    IDENTIFICADOR_BOOLEANO  shift, and go to state 44
    IDENTIFICADOR           shift, and go to state 100
    LITERAL_ENTERO          shift, and go to state 82
    OPERADORES_SUMA         shift, and go to state 83
    LITERAL_BOOLEANO        shift, and go to state 84

    expresion         go to state 144
    exp_a             go to state 89
    literal_numerico  go to state 90
    exp_b             go to state 91
    operando          go to state 92
    operando_b        go to state 93
    funcion_ll        go to state 94
    l_ll              go to state 164


State 127

   50 exp_a: COMIENZO_PARENTESIS • exp_a FIN_PARENTESIS

    COMIENZO_PARENTESIS  shift, and go to state 127
    LITERAL_REAL         shift, and go to state 80
    IDENTIFICADOR        shift, and go to state 128
    LITERAL_ENTERO       shift, and go to state 82
    OPERADORES_SUMA      shift, and go to state 83

    exp_a             go to state 165
    literal_numerico  go to state 90
    operando          go to state 92


State 128

   64 operando: IDENTIFICADOR •

    $default  reduce using rule 64 (operando)


State 129

   48 exp_a: exp_a • OPERADORES_SUMA exp_a
   49      | exp_a • OPERADORES_MULTIPLICACION exp_a
   53      | OPERADORES_SUMA exp_a •

    OPERADORES_MULTIPLICACION  shift, and go to state 134

    $default  reduce using rule 53 (exp_a)


State 130

   18 lista_d_tipo: IDENTIFICADOR IGUAL d_tipo SEPARADOR • lista_d_tipo

    IDENTIFICADOR  shift, and go to state 14

    $default  reduce using rule 19 (lista_d_tipo)

    lista_d_tipo  go to state 166


State 131

   23 d_tipo: expresion_t RANGO • expresion_t

    LITERAL_CARACTER        shift, and go to state 74
    COMIENZO_PARENTESIS     shift, and go to state 75
    NEGACION                shift, and go to state 76
    LITERAL_REAL            shift, and go to state 80
    IDENTIFICADOR_BOOLEANO  shift, and go to state 44
    IDENTIFICADOR           shift, and go to state 100
    LITERAL_ENTERO          shift, and go to state 82
    OPERADORES_SUMA         shift, and go to state 83
    LITERAL_BOOLEANO        shift, and go to state 84

    expresion_t       go to state 167
    expresion         go to state 88
    exp_a             go to state 89
    literal_numerico  go to state 90
    exp_b             go to state 91
    operando          go to state 92
    operando_b        go to state 93
    funcion_ll        go to state 94


State 132

   61 exp_b: expresion IGUAL • expresion

    COMIENZO_PARENTESIS     shift, and go to state 75
    NEGACION                shift, and go to state 76
    LITERAL_REAL            shift, and go to state 80
    IDENTIFICADOR_BOOLEANO  shift, and go to state 44
    IDENTIFICADOR           shift, and go to state 100
    LITERAL_ENTERO          shift, and go to state 82
    OPERADORES_SUMA         shift, and go to state 83
    LITERAL_BOOLEANO        shift, and go to state 84

    expresion         go to state 168
    exp_a             go to state 89
    literal_numerico  go to state 90
    exp_b             go to state 91
    operando          go to state 92
    operando_b        go to state 93
    funcion_ll        go to state 94


State 133

   60 exp_b: expresion COMPARADORES • expresion

    COMIENZO_PARENTESIS     shift, and go to state 75
    NEGACION                shift, and go to state 76
    LITERAL_REAL            shift, and go to state 80
    IDENTIFICADOR_BOOLEANO  shift, and go to state 44
    IDENTIFICADOR           shift, and go to state 100
    LITERAL_ENTERO          shift, and go to state 82
    OPERADORES_SUMA         shift, and go to state 83
    LITERAL_BOOLEANO        shift, and go to state 84

    expresion         go to state 169
    exp_a             go to state 89
    literal_numerico  go to state 90
    exp_b             go to state 91
    operando          go to state 92
    operando_b        go to state 93
    funcion_ll        go to state 94


State 134

   49 exp_a: exp_a OPERADORES_MULTIPLICACION • exp_a

    COMIENZO_PARENTESIS  shift, and go to state 127
    LITERAL_REAL         shift, and go to state 80
    IDENTIFICADOR        shift, and go to state 128
    LITERAL_ENTERO       shift, and go to state 82
    OPERADORES_SUMA      shift, and go to state 83

    exp_a             go to state 170
    literal_numerico  go to state 90
    operando          go to state 92


State 135

   48 exp_a: exp_a OPERADORES_SUMA • exp_a

    COMIENZO_PARENTESIS  shift, and go to state 127
    LITERAL_REAL         shift, and go to state 80
    IDENTIFICADOR        shift, and go to state 128
    LITERAL_ENTERO       shift, and go to state 82
    OPERADORES_SUMA      shift, and go to state 83

    exp_a             go to state 171
    literal_numerico  go to state 90
    operando          go to state 92


State 136

   56 exp_b: exp_b OPERADORES_BOOLEANOS • m exp_b

    $default  reduce using rule 63 (m)

    m  go to state 172


State 137

   40 lista_id: IDENTIFICADOR_BOOLEANO SEPARADOR lista_id •

    $default  reduce using rule 40 (lista_id)


State 138

   39 lista_id: IDENTIFICADOR SEPARADOR lista_id •

    $default  reduce using rule 39 (lista_id)


State 139

   17 declaracion_var: COMIENZO_VAR lista_d_var FIN_VAR DELIMITADOR •

    $default  reduce using rule 17 (declaracion_var)


State 140

   37 lista_d_var: lista_id DECLARADOR_TIPO d_tipo • DELIMITADOR lista_d_var

    DELIMITADOR  shift, and go to state 173


State 141

   83 it_cota_exp: COMIENZO_BUCLE_MIENTRAS expresion COMIENZO_BUCLE_HACER • instrucciones FIN_BUCLE_MIENTRAS

    COMIENZO_BUCLE_MIENTRAS  shift, and go to state 40
    COMIENZO_BUCLE_PARA      shift, and go to state 41
    COMIENZO_SI              shift, and go to state 42
    CONTINUAR                shift, and go to state 43
    IDENTIFICADOR_BOOLEANO   shift, and go to state 44
    IDENTIFICADOR            shift, and go to state 45

    operando       go to state 46
    operando_b     go to state 47
    instrucciones  go to state 174
    instruccion    go to state 49
    asignacion     go to state 50
    alternativa    go to state 51
    iteracion      go to state 52
    it_cota_exp    go to state 53
    it_cota_fija   go to state 54
    accion_ll      go to state 55


State 142

   84 it_cota_fija: COMIENZO_BUCLE_PARA IDENTIFICADOR ASIGNACION • expresion HASTA expresion COMIENZO_BUCLE_HACER instrucciones FIN_BUCLE_PARA

    COMIENZO_PARENTESIS     shift, and go to state 75
    NEGACION                shift, and go to state 76
    LITERAL_REAL            shift, and go to state 80
    IDENTIFICADOR_BOOLEANO  shift, and go to state 44
    IDENTIFICADOR           shift, and go to state 100
    LITERAL_ENTERO          shift, and go to state 82
    OPERADORES_SUMA         shift, and go to state 83
    LITERAL_BOOLEANO        shift, and go to state 84

    expresion         go to state 175
    exp_a             go to state 89
    literal_numerico  go to state 90
    exp_b             go to state 91
    operando          go to state 92
    operando_b        go to state 93
    funcion_ll        go to state 94


State 143

   78 alternativa: COMIENZO_SI expresion ENTONCES • instrucciones lista_opciones FIN_SI

    COMIENZO_BUCLE_MIENTRAS  shift, and go to state 40
    COMIENZO_BUCLE_PARA      shift, and go to state 41
    COMIENZO_SI              shift, and go to state 42
    CONTINUAR                shift, and go to state 43
    IDENTIFICADOR_BOOLEANO   shift, and go to state 44
    IDENTIFICADOR            shift, and go to state 45

    operando       go to state 46
    operando_b     go to state 47
    instrucciones  go to state 176
    instruccion    go to state 49
    asignacion     go to state 50
    alternativa    go to state 51
    iteracion      go to state 52
    it_cota_exp    go to state 53
    it_cota_fija   go to state 54
    accion_ll      go to state 55


State 144

   60 exp_b: expresion • COMPARADORES expresion
   61      | expresion • IGUAL expresion
   94 l_ll: expresion • SEPARADOR l_ll
   95     | expresion •

    SEPARADOR     shift, and go to state 177
    IGUAL         shift, and go to state 132
    COMPARADORES  shift, and go to state 133

    $default  reduce using rule 95 (l_ll)


State 145

   92 accion_ll: IDENTIFICADOR COMIENZO_PARENTESIS l_ll • FIN_PARENTESIS

    FIN_PARENTESIS  shift, and go to state 178


State 146

   48 exp_a: exp_a • OPERADORES_SUMA exp_a
   49      | exp_a • OPERADORES_MULTIPLICACION exp_a
   76 asignacion: operando ASIGNACION exp_a •

    OPERADORES_MULTIPLICACION  shift, and go to state 134
    OPERADORES_SUMA            shift, and go to state 135

    $default  reduce using rule 76 (asignacion)


State 147

   60 exp_b: expresion • COMPARADORES expresion
   61      | expresion • IGUAL expresion
   66 operando: operando COMIENZO_INDICE expresion • FIN_INDICE

    FIN_INDICE    shift, and go to state 179
    IGUAL         shift, and go to state 132
    COMPARADORES  shift, and go to state 133


State 148

   65 operando: operando • PUNTERO operando
   65         | operando PUNTERO operando •
   66         | operando • COMIENZO_INDICE expresion FIN_INDICE
   67         | operando • REFERENCIA

    $default  reduce using rule 65 (operando)


State 149

   46 expresion: exp_b •
   56 exp_b: exp_b • OPERADORES_BOOLEANOS m exp_b
   77 asignacion: operando_b ASIGNACION exp_b •

    OPERADORES_BOOLEANOS  shift, and go to state 136

    IGUAL         reduce using rule 46 (expresion)
    COMPARADORES  reduce using rule 46 (expresion)
    $default      reduce using rule 77 (asignacion)


State 150

   69 instrucciones: instruccion DELIMITADOR instrucciones •

    $default  reduce using rule 69 (instrucciones)


State 151

   91 d_p_form: ENTRADA_SALIDA • lista_id DECLARADOR_TIPO d_tipo

    IDENTIFICADOR_BOOLEANO  shift, and go to state 34
    IDENTIFICADOR           shift, and go to state 35

    lista_id  go to state 180


State 152

   87 a_cabecera: IDENTIFICADOR COMIENZO_PARENTESIS d_par_form • FIN_PARENTESIS DELIMITADOR

    FIN_PARENTESIS  shift, and go to state 181


State 153

   89 d_par_form: d_p_form • DELIMITADOR d_par_form

    DELIMITADOR  shift, and go to state 182


State 154

   85 accion_d: COMIENZO_ACCION a_cabecera bloque FIN_ACCION •

    $default  reduce using rule 85 (accion_d)


State 155

   88 f_cabecera: IDENTIFICADOR COMIENZO_PARENTESIS lista_d_var • FIN_PARENTESIS RETORNO d_tipo DELIMITADOR

    FIN_PARENTESIS  shift, and go to state 183


State 156

   86 funcion_d: COMIENZO_FUNCION f_cabecera bloque RETORNO • expresion FIN_FUNCION

    COMIENZO_PARENTESIS     shift, and go to state 75
    NEGACION                shift, and go to state 76
    LITERAL_REAL            shift, and go to state 80
    IDENTIFICADOR_BOOLEANO  shift, and go to state 44
    IDENTIFICADOR           shift, and go to state 100
    LITERAL_ENTERO          shift, and go to state 82
    OPERADORES_SUMA         shift, and go to state 83
    LITERAL_BOOLEANO        shift, and go to state 84

    expresion         go to state 184
    exp_a             go to state 89
    literal_numerico  go to state 90
    exp_b             go to state 91
    operando          go to state 92
    operando_b        go to state 93
    funcion_ll        go to state 94


State 157

   44 decl_ent_sal: ENTRADA_SALIDA lista_d_var ENTRADA_SALIDA • lista_d_var

    IDENTIFICADOR_BOOLEANO  shift, and go to state 34
    IDENTIFICADOR           shift, and go to state 35

    $default  reduce using rule 38 (lista_d_var)

    lista_d_var  go to state 185
    lista_id     go to state 37


State 158

   30 lista_d_cte: IDENTIFICADOR IGUAL literal DELIMITADOR lista_d_cte •

    $default  reduce using rule 30 (lista_d_cte)


State 159

   50 exp_a: COMIENZO_PARENTESIS exp_a FIN_PARENTESIS •

    $default  reduce using rule 50 (exp_a)


State 160

   62 exp_b: COMIENZO_PARENTESIS exp_b FIN_PARENTESIS •

    $default  reduce using rule 62 (exp_b)


State 161

   28 lista_campos: IDENTIFICADOR DECLARADOR_TIPO • d_tipo DELIMITADOR lista_campos

    LITERAL_CARACTER        shift, and go to state 74
    COMIENZO_PARENTESIS     shift, and go to state 75
    NEGACION                shift, and go to state 76
    COMIENZO_TUPLA          shift, and go to state 77
    COMIENZO_TABLA          shift, and go to state 78
    REFERENCIA              shift, and go to state 79
    LITERAL_REAL            shift, and go to state 80
    IDENTIFICADOR_BOOLEANO  shift, and go to state 44
    IDENTIFICADOR           shift, and go to state 81
    LITERAL_ENTERO          shift, and go to state 82
    OPERADORES_SUMA         shift, and go to state 83
    LITERAL_BOOLEANO        shift, and go to state 84
    TIPO                    shift, and go to state 85

    d_tipo            go to state 186
    expresion_t       go to state 87
    expresion         go to state 88
    exp_a             go to state 89
    literal_numerico  go to state 90
    exp_b             go to state 91
    operando          go to state 92
    operando_b        go to state 93
    funcion_ll        go to state 94


State 162

   20 d_tipo: COMIENZO_TUPLA lista_campos FIN_TUPLA •

    $default  reduce using rule 20 (d_tipo)


State 163

   21 d_tipo: COMIENZO_TABLA COMIENZO_INDICE expresion_t • RANGO expresion_t FIN_INDICE DECLARADOR_TIPO_TABLA d_tipo

    RANGO  shift, and go to state 187


State 164

   93 funcion_ll: IDENTIFICADOR COMIENZO_PARENTESIS l_ll • FIN_PARENTESIS

    FIN_PARENTESIS  shift, and go to state 188


State 165

   48 exp_a: exp_a • OPERADORES_SUMA exp_a
   49      | exp_a • OPERADORES_MULTIPLICACION exp_a
   50      | COMIENZO_PARENTESIS exp_a • FIN_PARENTESIS

    FIN_PARENTESIS             shift, and go to state 159
    OPERADORES_MULTIPLICACION  shift, and go to state 134
    OPERADORES_SUMA            shift, and go to state 135


State 166

   18 lista_d_tipo: IDENTIFICADOR IGUAL d_tipo SEPARADOR lista_d_tipo •

    $default  reduce using rule 18 (lista_d_tipo)


State 167

   23 d_tipo: expresion_t RANGO expresion_t •

    $default  reduce using rule 23 (d_tipo)


State 168

   60 exp_b: expresion • COMPARADORES expresion
   61      | expresion • IGUAL expresion
   61      | expresion IGUAL expresion •

    $default  reduce using rule 61 (exp_b)


State 169

   60 exp_b: expresion • COMPARADORES expresion
   60      | expresion COMPARADORES expresion •
   61      | expresion • IGUAL expresion

    $default  reduce using rule 60 (exp_b)


State 170

   48 exp_a: exp_a • OPERADORES_SUMA exp_a
   49      | exp_a • OPERADORES_MULTIPLICACION exp_a
   49      | exp_a OPERADORES_MULTIPLICACION exp_a •

    $default  reduce using rule 49 (exp_a)


State 171

   48 exp_a: exp_a • OPERADORES_SUMA exp_a
   48      | exp_a OPERADORES_SUMA exp_a •
   49      | exp_a • OPERADORES_MULTIPLICACION exp_a

    OPERADORES_MULTIPLICACION  shift, and go to state 134

    $default  reduce using rule 48 (exp_a)


State 172

   56 exp_b: exp_b OPERADORES_BOOLEANOS m • exp_b

    COMIENZO_PARENTESIS     shift, and go to state 75
    NEGACION                shift, and go to state 76
    LITERAL_REAL            shift, and go to state 80
    IDENTIFICADOR_BOOLEANO  shift, and go to state 44
    IDENTIFICADOR           shift, and go to state 100
    LITERAL_ENTERO          shift, and go to state 82
    OPERADORES_SUMA         shift, and go to state 83
    LITERAL_BOOLEANO        shift, and go to state 84

    expresion         go to state 118
    exp_a             go to state 89
    literal_numerico  go to state 90
    exp_b             go to state 189
    operando          go to state 92
    operando_b        go to state 93
    funcion_ll        go to state 94


State 173

   37 lista_d_var: lista_id DECLARADOR_TIPO d_tipo DELIMITADOR • lista_d_var

    IDENTIFICADOR_BOOLEANO  shift, and go to state 34
    IDENTIFICADOR           shift, and go to state 35

    $default  reduce using rule 38 (lista_d_var)

    lista_d_var  go to state 190
    lista_id     go to state 37


State 174

   83 it_cota_exp: COMIENZO_BUCLE_MIENTRAS expresion COMIENZO_BUCLE_HACER instrucciones • FIN_BUCLE_MIENTRAS

    FIN_BUCLE_MIENTRAS  shift, and go to state 191


State 175

   60 exp_b: expresion • COMPARADORES expresion
   61      | expresion • IGUAL expresion
   84 it_cota_fija: COMIENZO_BUCLE_PARA IDENTIFICADOR ASIGNACION expresion • HASTA expresion COMIENZO_BUCLE_HACER instrucciones FIN_BUCLE_PARA

    HASTA         shift, and go to state 192
    IGUAL         shift, and go to state 132
    COMPARADORES  shift, and go to state 133


State 176

   78 alternativa: COMIENZO_SI expresion ENTONCES instrucciones • lista_opciones FIN_SI

    ELSE  shift, and go to state 193

    $default  reduce using rule 80 (lista_opciones)

    lista_opciones  go to state 194


State 177

   94 l_ll: expresion SEPARADOR • l_ll

    COMIENZO_PARENTESIS     shift, and go to state 75
    NEGACION                shift, and go to state 76
    LITERAL_REAL            shift, and go to state 80
    IDENTIFICADOR_BOOLEANO  shift, and go to state 44
    IDENTIFICADOR           shift, and go to state 100
    LITERAL_ENTERO          shift, and go to state 82
    OPERADORES_SUMA         shift, and go to state 83
    LITERAL_BOOLEANO        shift, and go to state 84

    expresion         go to state 144
    exp_a             go to state 89
    literal_numerico  go to state 90
    exp_b             go to state 91
    operando          go to state 92
    operando_b        go to state 93
    funcion_ll        go to state 94
    l_ll              go to state 195


State 178

   92 accion_ll: IDENTIFICADOR COMIENZO_PARENTESIS l_ll FIN_PARENTESIS •

    $default  reduce using rule 92 (accion_ll)


State 179

   66 operando: operando COMIENZO_INDICE expresion FIN_INDICE •

    $default  reduce using rule 66 (operando)


State 180

   91 d_p_form: ENTRADA_SALIDA lista_id • DECLARADOR_TIPO d_tipo

    DECLARADOR_TIPO  shift, and go to state 196


State 181

   87 a_cabecera: IDENTIFICADOR COMIENZO_PARENTESIS d_par_form FIN_PARENTESIS • DELIMITADOR

    DELIMITADOR  shift, and go to state 197


State 182

   89 d_par_form: d_p_form DELIMITADOR • d_par_form

    ENTRADA_SALIDA  shift, and go to state 151

    $default  reduce using rule 90 (d_par_form)

    d_par_form  go to state 198
    d_p_form    go to state 153


State 183

   88 f_cabecera: IDENTIFICADOR COMIENZO_PARENTESIS lista_d_var FIN_PARENTESIS • RETORNO d_tipo DELIMITADOR

    RETORNO  shift, and go to state 199


State 184

   60 exp_b: expresion • COMPARADORES expresion
   61      | expresion • IGUAL expresion
   86 funcion_d: COMIENZO_FUNCION f_cabecera bloque RETORNO expresion • FIN_FUNCION

    FIN_FUNCION   shift, and go to state 200
    IGUAL         shift, and go to state 132
    COMPARADORES  shift, and go to state 133


State 185

   44 decl_ent_sal: ENTRADA_SALIDA lista_d_var ENTRADA_SALIDA lista_d_var •

    $default  reduce using rule 44 (decl_ent_sal)


State 186

   28 lista_campos: IDENTIFICADOR DECLARADOR_TIPO d_tipo • DELIMITADOR lista_campos

    DELIMITADOR  shift, and go to state 201


State 187

   21 d_tipo: COMIENZO_TABLA COMIENZO_INDICE expresion_t RANGO • expresion_t FIN_INDICE DECLARADOR_TIPO_TABLA d_tipo

    LITERAL_CARACTER        shift, and go to state 74
    COMIENZO_PARENTESIS     shift, and go to state 75
    NEGACION                shift, and go to state 76
    LITERAL_REAL            shift, and go to state 80
    IDENTIFICADOR_BOOLEANO  shift, and go to state 44
    IDENTIFICADOR           shift, and go to state 100
    LITERAL_ENTERO          shift, and go to state 82
    OPERADORES_SUMA         shift, and go to state 83
    LITERAL_BOOLEANO        shift, and go to state 84

    expresion_t       go to state 202
    expresion         go to state 88
    exp_a             go to state 89
    literal_numerico  go to state 90
    exp_b             go to state 91
    operando          go to state 92
    operando_b        go to state 93
    funcion_ll        go to state 94


State 188

   93 funcion_ll: IDENTIFICADOR COMIENZO_PARENTESIS l_ll FIN_PARENTESIS •

    $default  reduce using rule 93 (funcion_ll)


State 189

   46 expresion: exp_b •
   56 exp_b: exp_b • OPERADORES_BOOLEANOS m exp_b
   56      | exp_b OPERADORES_BOOLEANOS m exp_b •

    IGUAL         reduce using rule 46 (expresion)
    IGUAL         [reduce using rule 56 (exp_b)]
    COMPARADORES  reduce using rule 46 (expresion)
    COMPARADORES  [reduce using rule 56 (exp_b)]
    $default      reduce using rule 56 (exp_b)


State 190

   37 lista_d_var: lista_id DECLARADOR_TIPO d_tipo DELIMITADOR lista_d_var •

    $default  reduce using rule 37 (lista_d_var)


State 191

   83 it_cota_exp: COMIENZO_BUCLE_MIENTRAS expresion COMIENZO_BUCLE_HACER instrucciones FIN_BUCLE_MIENTRAS •

    $default  reduce using rule 83 (it_cota_exp)


State 192

   84 it_cota_fija: COMIENZO_BUCLE_PARA IDENTIFICADOR ASIGNACION expresion HASTA • expresion COMIENZO_BUCLE_HACER instrucciones FIN_BUCLE_PARA

    COMIENZO_PARENTESIS     shift, and go to state 75
    NEGACION                shift, and go to state 76
    LITERAL_REAL            shift, and go to state 80
    IDENTIFICADOR_BOOLEANO  shift, and go to state 44
    IDENTIFICADOR           shift, and go to state 100
    LITERAL_ENTERO          shift, and go to state 82
    OPERADORES_SUMA         shift, and go to state 83
    LITERAL_BOOLEANO        shift, and go to state 84

    expresion         go to state 203
    exp_a             go to state 89
    literal_numerico  go to state 90
    exp_b             go to state 91
    operando          go to state 92
    operando_b        go to state 93
    funcion_ll        go to state 94


State 193

   79 lista_opciones: ELSE • expresion ENTONCES instrucciones lista_opciones

    COMIENZO_PARENTESIS     shift, and go to state 75
    NEGACION                shift, and go to state 76
    LITERAL_REAL            shift, and go to state 80
    IDENTIFICADOR_BOOLEANO  shift, and go to state 44
    IDENTIFICADOR           shift, and go to state 100
    LITERAL_ENTERO          shift, and go to state 82
    OPERADORES_SUMA         shift, and go to state 83
    LITERAL_BOOLEANO        shift, and go to state 84

    expresion         go to state 204
    exp_a             go to state 89
    literal_numerico  go to state 90
    exp_b             go to state 91
    operando          go to state 92
    operando_b        go to state 93
    funcion_ll        go to state 94


State 194

   78 alternativa: COMIENZO_SI expresion ENTONCES instrucciones lista_opciones • FIN_SI

    FIN_SI  shift, and go to state 205


State 195

   94 l_ll: expresion SEPARADOR l_ll •

    $default  reduce using rule 94 (l_ll)


State 196

   91 d_p_form: ENTRADA_SALIDA lista_id DECLARADOR_TIPO • d_tipo

    LITERAL_CARACTER        shift, and go to state 74
    COMIENZO_PARENTESIS     shift, and go to state 75
    NEGACION                shift, and go to state 76
    COMIENZO_TUPLA          shift, and go to state 77
    COMIENZO_TABLA          shift, and go to state 78
    REFERENCIA              shift, and go to state 79
    LITERAL_REAL            shift, and go to state 80
    IDENTIFICADOR_BOOLEANO  shift, and go to state 44
    IDENTIFICADOR           shift, and go to state 81
    LITERAL_ENTERO          shift, and go to state 82
    OPERADORES_SUMA         shift, and go to state 83
    LITERAL_BOOLEANO        shift, and go to state 84
    TIPO                    shift, and go to state 85

    d_tipo            go to state 206
    expresion_t       go to state 87
    expresion         go to state 88
    exp_a             go to state 89
    literal_numerico  go to state 90
    exp_b             go to state 91
    operando          go to state 92
    operando_b        go to state 93
    funcion_ll        go to state 94


State 197

   87 a_cabecera: IDENTIFICADOR COMIENZO_PARENTESIS d_par_form FIN_PARENTESIS DELIMITADOR •

    $default  reduce using rule 87 (a_cabecera)


State 198

   89 d_par_form: d_p_form DELIMITADOR d_par_form •

    $default  reduce using rule 89 (d_par_form)


State 199

   88 f_cabecera: IDENTIFICADOR COMIENZO_PARENTESIS lista_d_var FIN_PARENTESIS RETORNO • d_tipo DELIMITADOR

    LITERAL_CARACTER        shift, and go to state 74
    COMIENZO_PARENTESIS     shift, and go to state 75
    NEGACION                shift, and go to state 76
    COMIENZO_TUPLA          shift, and go to state 77
    COMIENZO_TABLA          shift, and go to state 78
    REFERENCIA              shift, and go to state 79
    LITERAL_REAL            shift, and go to state 80
    IDENTIFICADOR_BOOLEANO  shift, and go to state 44
    IDENTIFICADOR           shift, and go to state 81
    LITERAL_ENTERO          shift, and go to state 82
    OPERADORES_SUMA         shift, and go to state 83
    LITERAL_BOOLEANO        shift, and go to state 84
    TIPO                    shift, and go to state 85

    d_tipo            go to state 207
    expresion_t       go to state 87
    expresion         go to state 88
    exp_a             go to state 89
    literal_numerico  go to state 90
    exp_b             go to state 91
    operando          go to state 92
    operando_b        go to state 93
    funcion_ll        go to state 94


State 200

   86 funcion_d: COMIENZO_FUNCION f_cabecera bloque RETORNO expresion FIN_FUNCION •

    $default  reduce using rule 86 (funcion_d)


State 201

   28 lista_campos: IDENTIFICADOR DECLARADOR_TIPO d_tipo DELIMITADOR • lista_campos

    IDENTIFICADOR  shift, and go to state 122

    $default  reduce using rule 29 (lista_campos)

    lista_campos  go to state 208


State 202

   21 d_tipo: COMIENZO_TABLA COMIENZO_INDICE expresion_t RANGO expresion_t • FIN_INDICE DECLARADOR_TIPO_TABLA d_tipo

    FIN_INDICE  shift, and go to state 209


State 203

   60 exp_b: expresion • COMPARADORES expresion
   61      | expresion • IGUAL expresion
   84 it_cota_fija: COMIENZO_BUCLE_PARA IDENTIFICADOR ASIGNACION expresion HASTA expresion • COMIENZO_BUCLE_HACER instrucciones FIN_BUCLE_PARA

    COMIENZO_BUCLE_HACER  shift, and go to state 210
    IGUAL                 shift, and go to state 132
    COMPARADORES          shift, and go to state 133


State 204

   60 exp_b: expresion • COMPARADORES expresion
   61      | expresion • IGUAL expresion
   79 lista_opciones: ELSE expresion • ENTONCES instrucciones lista_opciones

    ENTONCES      shift, and go to state 211
    IGUAL         shift, and go to state 132
    COMPARADORES  shift, and go to state 133


State 205

   78 alternativa: COMIENZO_SI expresion ENTONCES instrucciones lista_opciones FIN_SI •

    $default  reduce using rule 78 (alternativa)


State 206

   91 d_p_form: ENTRADA_SALIDA lista_id DECLARADOR_TIPO d_tipo •

    $default  reduce using rule 91 (d_p_form)


State 207

   88 f_cabecera: IDENTIFICADOR COMIENZO_PARENTESIS lista_d_var FIN_PARENTESIS RETORNO d_tipo • DELIMITADOR

    DELIMITADOR  shift, and go to state 212


State 208

   28 lista_campos: IDENTIFICADOR DECLARADOR_TIPO d_tipo DELIMITADOR lista_campos •

    $default  reduce using rule 28 (lista_campos)


State 209

   21 d_tipo: COMIENZO_TABLA COMIENZO_INDICE expresion_t RANGO expresion_t FIN_INDICE • DECLARADOR_TIPO_TABLA d_tipo

    DECLARADOR_TIPO_TABLA  shift, and go to state 213


State 210

   84 it_cota_fija: COMIENZO_BUCLE_PARA IDENTIFICADOR ASIGNACION expresion HASTA expresion COMIENZO_BUCLE_HACER • instrucciones FIN_BUCLE_PARA

    COMIENZO_BUCLE_MIENTRAS  shift, and go to state 40
    COMIENZO_BUCLE_PARA      shift, and go to state 41
    COMIENZO_SI              shift, and go to state 42
    CONTINUAR                shift, and go to state 43
    IDENTIFICADOR_BOOLEANO   shift, and go to state 44
    IDENTIFICADOR            shift, and go to state 45

    operando       go to state 46
    operando_b     go to state 47
    instrucciones  go to state 214
    instruccion    go to state 49
    asignacion     go to state 50
    alternativa    go to state 51
    iteracion      go to state 52
    it_cota_exp    go to state 53
    it_cota_fija   go to state 54
    accion_ll      go to state 55


State 211

   79 lista_opciones: ELSE expresion ENTONCES • instrucciones lista_opciones

    COMIENZO_BUCLE_MIENTRAS  shift, and go to state 40
    COMIENZO_BUCLE_PARA      shift, and go to state 41
    COMIENZO_SI              shift, and go to state 42
    CONTINUAR                shift, and go to state 43
    IDENTIFICADOR_BOOLEANO   shift, and go to state 44
    IDENTIFICADOR            shift, and go to state 45

    operando       go to state 46
    operando_b     go to state 47
    instrucciones  go to state 215
    instruccion    go to state 49
    asignacion     go to state 50
    alternativa    go to state 51
    iteracion      go to state 52
    it_cota_exp    go to state 53
    it_cota_fija   go to state 54
    accion_ll      go to state 55


State 212

   88 f_cabecera: IDENTIFICADOR COMIENZO_PARENTESIS lista_d_var FIN_PARENTESIS RETORNO d_tipo DELIMITADOR •

    $default  reduce using rule 88 (f_cabecera)


State 213

   21 d_tipo: COMIENZO_TABLA COMIENZO_INDICE expresion_t RANGO expresion_t FIN_INDICE DECLARADOR_TIPO_TABLA • d_tipo

    LITERAL_CARACTER        shift, and go to state 74
    COMIENZO_PARENTESIS     shift, and go to state 75
    NEGACION                shift, and go to state 76
    COMIENZO_TUPLA          shift, and go to state 77
    COMIENZO_TABLA          shift, and go to state 78
    REFERENCIA              shift, and go to state 79
    LITERAL_REAL            shift, and go to state 80
    IDENTIFICADOR_BOOLEANO  shift, and go to state 44
    IDENTIFICADOR           shift, and go to state 81
    LITERAL_ENTERO          shift, and go to state 82
    OPERADORES_SUMA         shift, and go to state 83
    LITERAL_BOOLEANO        shift, and go to state 84
    TIPO                    shift, and go to state 85

    d_tipo            go to state 216
    expresion_t       go to state 87
    expresion         go to state 88
    exp_a             go to state 89
    literal_numerico  go to state 90
    exp_b             go to state 91
    operando          go to state 92
    operando_b        go to state 93
    funcion_ll        go to state 94


State 214

   84 it_cota_fija: COMIENZO_BUCLE_PARA IDENTIFICADOR ASIGNACION expresion HASTA expresion COMIENZO_BUCLE_HACER instrucciones • FIN_BUCLE_PARA

    FIN_BUCLE_PARA  shift, and go to state 217


State 215

   79 lista_opciones: ELSE expresion ENTONCES instrucciones • lista_opciones

    ELSE  shift, and go to state 193

    $default  reduce using rule 80 (lista_opciones)

    lista_opciones  go to state 218


State 216

   21 d_tipo: COMIENZO_TABLA COMIENZO_INDICE expresion_t RANGO expresion_t FIN_INDICE DECLARADOR_TIPO_TABLA d_tipo •

    $default  reduce using rule 21 (d_tipo)


State 217

   84 it_cota_fija: COMIENZO_BUCLE_PARA IDENTIFICADOR ASIGNACION expresion HASTA expresion COMIENZO_BUCLE_HACER instrucciones FIN_BUCLE_PARA •

    $default  reduce using rule 84 (it_cota_fija)


State 218

   79 lista_opciones: ELSE expresion ENTONCES instrucciones lista_opciones •

    $default  reduce using rule 79 (lista_opciones)
